<?xml version="1.0" encoding="UTF-8"?>
<!-- Generated by org.testng.reporters.JUnitReportReporter -->
<testsuite skipped="0" hostname="DESKTOP-D5KJBUL" name="com.TestCases.VerifyCreateQuoteFromSupplier" tests="1" failures="0" timestamp="01 Aug 2018 09:52:16 GMT" time="120.089" errors="0">
  <testcase name="createQuotebySupplier" time="120.089" classname="com.TestCases.VerifyCreateQuoteFromSupplier"/>
</testsuite> <!-- com.TestCases.VerifyCreateQuoteFromSupplier -->
