<?xml version="1.0" encoding="UTF-8"?>
<!-- Generated by org.testng.reporters.JUnitReportReporter -->
<testsuite skipped="0" hostname="DESKTOP-D5KJBUL" name="com.TestCases.FindBrokenLinks" tests="1" failures="0" timestamp="03 Aug 2018 11:37:15 GMT" time="0.013" errors="0">
  <testcase name="validateInvalidLinks" time="0.013" classname="com.TestCases.FindBrokenLinks"/>
</testsuite> <!-- com.TestCases.FindBrokenLinks -->
