<?xml version="1.0" encoding="UTF-8"?>
<!-- Generated by org.testng.reporters.JUnitReportReporter -->
<testsuite skipped="0" hostname="DESKTOP-D5KJBUL" name="com.TestCases.VerifyBuyerOnboarding" tests="1" failures="0" timestamp="14 Aug 2018 12:14:00 GMT" time="87.698" errors="0">
  <testcase name="createBuyer" time="87.698" classname="com.TestCases.VerifyBuyerOnboarding"/>
</testsuite> <!-- com.TestCases.VerifyBuyerOnboarding -->
