<?xml version="1.0" encoding="UTF-8"?>
<!-- Generated by org.testng.reporters.JUnitReportReporter -->
<testsuite skipped="0" hostname="DESKTOP-D5KJBUL" name="com.TestCases.VerifyRecipeTotalCostFromSupplier" tests="1" failures="0" timestamp="01 Aug 2018 09:57:41 GMT" time="71.852" errors="0">
  <testcase name="createRecipebyBuyer" time="71.852" classname="com.TestCases.VerifyRecipeTotalCostFromSupplier"/>
</testsuite> <!-- com.TestCases.VerifyRecipeTotalCostFromSupplier -->
