<?xml version="1.0" encoding="UTF-8"?>
<!-- Generated by org.testng.reporters.JUnitReportReporter -->
<testsuite skipped="0" hostname="DESKTOP-D5KJBUL" name="com.TestCases.VerifyFinalizeQuoteBuyer" tests="1" failures="0" timestamp="01 Aug 2018 09:59:28 GMT" time="74.154" errors="0">
  <testcase name="createRecipebyBuyer" time="74.154" classname="com.TestCases.VerifyFinalizeQuoteBuyer"/>
</testsuite> <!-- com.TestCases.VerifyFinalizeQuoteBuyer -->
