<?xml version="1.0" encoding="UTF-8"?>
<!-- Generated by org.testng.reporters.JUnitReportReporter -->
<testsuite skipped="0" hostname="DESKTOP-D5KJBUL" name="com.TestCases.VerifyEditSupplierProfile" tests="1" failures="0" timestamp="07 Aug 2018 04:36:51 GMT" time="151.467" errors="0">
  <testcase name="EditSupplierPage" time="151.467" classname="com.TestCases.VerifyEditSupplierProfile"/>
</testsuite> <!-- com.TestCases.VerifyEditSupplierProfile -->
