<?xml version="1.0" encoding="UTF-8"?>
<!-- Generated by org.testng.reporters.JUnitReportReporter -->
<testsuite skipped="0" hostname="DESKTOP-D5KJBUL" name="com.TestCases.VerifySupplierOnboarding" tests="1" failures="0" timestamp="13 Aug 2018 07:20:02 GMT" time="313.670" errors="0">
  <testcase name="createSupplier" time="313.670" classname="com.TestCases.VerifySupplierOnboarding"/>
</testsuite> <!-- com.TestCases.VerifySupplierOnboarding -->
