<?xml version="1.0" encoding="UTF-8"?>
<!-- Generated by org.testng.reporters.JUnitReportReporter -->
<testsuite skipped="0" hostname="DESKTOP-D5KJBUL" name="com.TestCases.VerifyCreateRecipeFromBuyer" tests="1" failures="0" timestamp="01 Aug 2018 09:54:25 GMT" time="119.169" errors="0">
  <testcase name="createRecipebyBuyer" time="119.169" classname="com.TestCases.VerifyCreateRecipeFromBuyer"/>
</testsuite> <!-- com.TestCases.VerifyCreateRecipeFromBuyer -->
